<?xml version="1.0" encoding="UTF-8"?>
<testsuites>
  <testsuite name="hello" timestamp="2024-07-08T10:10:13Z" hostname="7b133f85876a" tests="3" skipped="0" failures="0" errors="0" time="0.206">
    <testcase time="0.012" classname="hello" name="hello_works"/>
    <testcase time="0.108" classname="hello" name="hello_works"/>
    <testcase time="0.086" classname="hello" name="hello_cli_works"/>
  </testsuite>
</testsuites>
